2020-04-19 23:54:29,055 [INFO] Activator:176 - 


2020-04-19 23:54:29,057 [INFO] Activator:177 - !SESSION log4j initialized
2020-04-19 23:54:37,535 [INFO] ApplicationProperties:181 - Using Application install path: C:\ST\STM32CubeIDE_1.3.0\STM32CubeIDE\plugins\com.st.stm32cube.common.mx_5.6.0.202002181639
2020-04-19 23:54:37,547 [INFO] DbMcusXml:72 - Set database path to: C:\ST\STM32CubeIDE_1.3.0\STM32CubeIDE\plugins\com.st.stm32cube.common.mx_5.6.0.202002181639\\db\/mcu/
2020-04-19 23:54:37,551 [INFO] DbBoardsPdsc:54 - Set plugin database path to: C:\ST\STM32CubeIDE_1.3.0\STM32CubeIDE\plugins\com.st.stm32cube.common.mx_5.6.0.202002181639\\db\/plugins/boardmanager/
2020-04-19 23:54:37,552 [INFO] DbMcus:235 - Set plugin images path to: C:\ST\STM32CubeIDE_1.3.0\STM32CubeIDE\plugins\com.st.stm32cube.common.mx_5.6.0.202002181639\\db\/plugins/mcufinder/images/
2020-04-19 23:54:37,552 [INFO] DbBoards:232 - Set plugin images path to: C:\ST\STM32CubeIDE_1.3.0\STM32CubeIDE\plugins\com.st.stm32cube.common.mx_5.6.0.202002181639\\db\/plugins/mcufinder/images/
2020-04-19 23:54:37,557 [INFO] DbMcusAds:85 - Set database path to: C:\Users\johnb\.stmcufinder\plugins\mcufinder//mcu/
2020-04-19 23:54:37,557 [INFO] DbMcusDocs:108 - Set database path to: C:\Users\johnb\.stmcufinder\plugins\mcufinder//mcu/
2020-04-19 23:54:37,559 [INFO] DbMcusJson:61 - Set database path to: C:\Users\johnb\.stmcufinder\plugins\mcufinder//mcu/
2020-04-19 23:54:37,560 [INFO] DbBoardsDocs:97 - Set database path to: C:\Users\johnb\.stmcufinder\plugins\mcufinder//mcu/
2020-04-19 23:54:37,561 [INFO] DbBoardsJson:51 - Set database path to: C:\Users\johnb\.stmcufinder\plugins\mcufinder//mcu/
2020-04-19 23:54:37,566 [INFO] CrossReferenceDbSqlite:197 - Set database path to: C:\Users\johnb\.stmcufinder\plugins\mcufinder//mcu/cs/
2020-04-19 23:54:37,685 [INFO] RulesReader:52 - Compatibility file has been processed (208 Rules)
2020-04-19 23:54:37,823 [INFO] MicroXplorer:570 - Detected Java Version = 1.8.0_242
2020-04-19 23:54:37,823 [INFO] DbMcusXml:72 - Set database path to: C:\ST\STM32CubeIDE_1.3.0\STM32CubeIDE\plugins\com.st.stm32cube.common.mx_5.6.0.202002181639\\db\/mcu/
2020-04-19 23:54:37,823 [INFO] DbBoardsPdsc:54 - Set plugin database path to: C:\ST\STM32CubeIDE_1.3.0\STM32CubeIDE\plugins\com.st.stm32cube.common.mx_5.6.0.202002181639\\db\/plugins/boardmanager/
2020-04-19 23:54:37,824 [INFO] DbMcus:235 - Set plugin images path to: C:\ST\STM32CubeIDE_1.3.0\STM32CubeIDE\plugins\com.st.stm32cube.common.mx_5.6.0.202002181639\\db\/plugins/mcufinder/images/
2020-04-19 23:54:37,824 [INFO] DbBoards:232 - Set plugin images path to: C:\ST\STM32CubeIDE_1.3.0\STM32CubeIDE\plugins\com.st.stm32cube.common.mx_5.6.0.202002181639\\db\/plugins/mcufinder/images/
2020-04-19 23:54:37,824 [WARN] DbFile:36 - Overriding database path with different value: C:\Users\johnb\.stmcufinder\plugins\mcufinder/ => C:\Users\johnb\.stmcufinder\plugins\mcufinder
2020-04-19 23:54:37,825 [INFO] DbMcusAds:85 - Set database path to: C:\Users\johnb\.stmcufinder\plugins\mcufinder//mcu/
2020-04-19 23:54:37,825 [WARN] DbFile:36 - Overriding database path with different value: C:\Users\johnb\.stmcufinder\plugins\mcufinder/ => C:\Users\johnb\.stmcufinder\plugins\mcufinder
2020-04-19 23:54:37,825 [INFO] DbMcusDocs:108 - Set database path to: C:\Users\johnb\.stmcufinder\plugins\mcufinder//mcu/
2020-04-19 23:54:37,825 [WARN] DbFile:36 - Overriding database path with different value: C:\Users\johnb\.stmcufinder\plugins\mcufinder/ => C:\Users\johnb\.stmcufinder\plugins\mcufinder
2020-04-19 23:54:37,825 [INFO] DbMcusJson:61 - Set database path to: C:\Users\johnb\.stmcufinder\plugins\mcufinder//mcu/
2020-04-19 23:54:37,825 [WARN] DbFile:36 - Overriding database path with different value: C:\Users\johnb\.stmcufinder\plugins\mcufinder/ => C:\Users\johnb\.stmcufinder\plugins\mcufinder
2020-04-19 23:54:37,825 [INFO] DbBoardsDocs:97 - Set database path to: C:\Users\johnb\.stmcufinder\plugins\mcufinder//mcu/
2020-04-19 23:54:37,825 [WARN] DbFile:36 - Overriding database path with different value: C:\Users\johnb\.stmcufinder\plugins\mcufinder/ => C:\Users\johnb\.stmcufinder\plugins\mcufinder
2020-04-19 23:54:37,826 [INFO] DbBoardsJson:51 - Set database path to: C:\Users\johnb\.stmcufinder\plugins\mcufinder//mcu/
2020-04-19 23:54:37,826 [WARN] DbFile:36 - Overriding database path with different value: C:\Users\johnb\.stmcufinder\plugins\mcufinder/ => C:\Users\johnb\.stmcufinder\plugins\mcufinder
2020-04-19 23:54:37,826 [WARN] DbFile:36 - Overriding database path with different value: C:\Users\johnb\.stmcufinder\plugins\mcufinder/ => C:\Users\johnb\.stmcufinder\plugins\mcufinder
2020-04-19 23:54:37,826 [INFO] CrossReferenceDbSqlite:197 - Set database path to: C:\Users\johnb\.stmcufinder\plugins\mcufinder//mcu/cs/
2020-04-19 23:54:37,977 [INFO] MainPanel:181 - HeapMemory: 306184192
2020-04-19 23:54:38,053 [INFO] DbMcusXml:72 - Set database path to: C:\ST\STM32CubeIDE_1.3.0\STM32CubeIDE\plugins\com.st.stm32cube.common.mx_5.6.0.202002181639\\db\/mcu/
2020-04-19 23:54:38,053 [INFO] DbBoardsPdsc:54 - Set plugin database path to: C:\ST\STM32CubeIDE_1.3.0\STM32CubeIDE\plugins\com.st.stm32cube.common.mx_5.6.0.202002181639\\db\/plugins/boardmanager/
2020-04-19 23:54:38,054 [INFO] DbMcus:235 - Set plugin images path to: C:\ST\STM32CubeIDE_1.3.0\STM32CubeIDE\plugins\com.st.stm32cube.common.mx_5.6.0.202002181639\\db\/plugins/mcufinder/images/
2020-04-19 23:54:38,054 [INFO] DbBoards:232 - Set plugin images path to: C:\ST\STM32CubeIDE_1.3.0\STM32CubeIDE\plugins\com.st.stm32cube.common.mx_5.6.0.202002181639\\db\/plugins/mcufinder/images/
2020-04-19 23:54:38,054 [WARN] DbFile:36 - Overriding database path with different value: C:\Users\johnb\.stmcufinder\plugins\mcufinder/ => C:\Users\johnb\.stmcufinder\plugins\mcufinder
2020-04-19 23:54:38,054 [INFO] DbMcusAds:85 - Set database path to: C:\Users\johnb\.stmcufinder\plugins\mcufinder//mcu/
2020-04-19 23:54:38,055 [WARN] DbFile:36 - Overriding database path with different value: C:\Users\johnb\.stmcufinder\plugins\mcufinder/ => C:\Users\johnb\.stmcufinder\plugins\mcufinder
2020-04-19 23:54:38,055 [INFO] DbMcusDocs:108 - Set database path to: C:\Users\johnb\.stmcufinder\plugins\mcufinder//mcu/
2020-04-19 23:54:38,055 [WARN] DbFile:36 - Overriding database path with different value: C:\Users\johnb\.stmcufinder\plugins\mcufinder/ => C:\Users\johnb\.stmcufinder\plugins\mcufinder
2020-04-19 23:54:38,055 [INFO] DbMcusJson:61 - Set database path to: C:\Users\johnb\.stmcufinder\plugins\mcufinder//mcu/
2020-04-19 23:54:38,055 [WARN] DbFile:36 - Overriding database path with different value: C:\Users\johnb\.stmcufinder\plugins\mcufinder/ => C:\Users\johnb\.stmcufinder\plugins\mcufinder
2020-04-19 23:54:38,055 [INFO] DbBoardsDocs:97 - Set database path to: C:\Users\johnb\.stmcufinder\plugins\mcufinder//mcu/
2020-04-19 23:54:38,055 [WARN] DbFile:36 - Overriding database path with different value: C:\Users\johnb\.stmcufinder\plugins\mcufinder/ => C:\Users\johnb\.stmcufinder\plugins\mcufinder
2020-04-19 23:54:38,055 [INFO] DbBoardsJson:51 - Set database path to: C:\Users\johnb\.stmcufinder\plugins\mcufinder//mcu/
2020-04-19 23:54:38,056 [WARN] DbFile:36 - Overriding database path with different value: C:\Users\johnb\.stmcufinder\plugins\mcufinder/ => C:\Users\johnb\.stmcufinder\plugins\mcufinder
2020-04-19 23:54:38,056 [WARN] DbFile:36 - Overriding database path with different value: C:\Users\johnb\.stmcufinder\plugins\mcufinder/ => C:\Users\johnb\.stmcufinder\plugins\mcufinder
2020-04-19 23:54:38,056 [INFO] CrossReferenceDbSqlite:197 - Set database path to: C:\Users\johnb\.stmcufinder\plugins\mcufinder//mcu/cs/
2020-04-19 23:54:38,078 [INFO] ApplicationProperties:181 - Using Application install path: C:\ST\STM32CubeIDE_1.3.0\STM32CubeIDE\plugins\com.st.stm32cube.common.mx_5.6.0.202002181639
2020-04-19 23:54:38,079 [INFO] PluginManage:178 - Search for loadable plugins [exclusion list=, tutovideos]
2020-04-19 23:54:38,086 [INFO] PluginManage:292 - Check plugin analytics
2020-04-19 23:54:38,091 [INFO] PluginManage:342 - Loaded plugin analytics (category:tool,tabindex:-1)
2020-04-19 23:54:38,092 [INFO] PluginManage:292 - Check plugin clock
2020-04-19 23:54:38,102 [INFO] PluginManage:342 - Loaded plugin clock (category:base,tabindex:2)
2020-04-19 23:54:38,103 [INFO] PluginManage:292 - Check plugin ddr
2020-04-19 23:54:38,106 [INFO] PluginManage:342 - Loaded plugin ddr (category:tool,tabindex:6)
2020-04-19 23:54:38,107 [INFO] PluginManage:292 - Check plugin filemanager
2020-04-19 23:54:38,247 [INFO] PluginManage:342 - Loaded plugin filemanager (category:base,tabindex:10)
2020-04-19 23:54:38,247 [INFO] PluginManage:292 - Check plugin ipmanager
2020-04-19 23:54:38,259 [INFO] PluginManage:342 - Loaded plugin ipmanager (category:base,tabindex:5)
2020-04-19 23:54:38,260 [INFO] PluginManage:292 - Check plugin pinoutandconfiguration
2020-04-19 23:54:38,270 [INFO] PluginManage:342 - Loaded plugin pinoutandconfiguration (category:base,tabindex:1)
2020-04-19 23:54:38,270 [INFO] PluginManage:292 - Check plugin pinoutconfig
2020-04-19 23:54:38,297 [INFO] PluginManage:342 - Loaded plugin pinoutconfig (category:base,tabindex:0)
2020-04-19 23:54:38,297 [INFO] PluginManage:292 - Check plugin power
2020-04-19 23:54:38,305 [INFO] PluginManage:342 - Loaded plugin power (category:power,tabindex:4)
2020-04-19 23:54:38,306 [INFO] PluginManage:292 - Check plugin projectmanager
2020-04-19 23:54:38,328 [INFO] PluginManage:342 - Loaded plugin projectmanager (category:projectmanager,tabindex:3)
2020-04-19 23:54:38,330 [INFO] PluginManage:292 - Check plugin thirdparty
2020-04-19 23:54:38,423 [INFO] ThirdPartyDb:295 - Open Third Party DataBase File (C:/Users/johnb/.stm32cubemx/plugins/thirdparty/db/thirdparties_db.xml) : 64 ms. number of Sw pack : 16
2020-04-19 23:54:38,443 [INFO] PluginManage:342 - Loaded plugin thirdparty (category:base,tabindex:-1)
2020-04-19 23:54:38,443 [INFO] PluginManage:292 - Check plugin tools
2020-04-19 23:54:38,445 [INFO] PluginManage:342 - Loaded plugin tools (category:base,tabindex:7)
2020-04-19 23:54:38,445 [INFO] PluginManage:292 - Check plugin tutovideos
2020-04-19 23:54:38,446 [INFO] PluginManage:347 - Ignore plugin tutovideos (category:base)
2020-04-19 23:54:38,446 [INFO] PluginManage:292 - Check plugin updater
2020-04-19 23:54:38,459 [INFO] PluginManage:342 - Loaded plugin updater (category:base,tabindex:12)
2020-04-19 23:54:38,460 [INFO] PluginManage:265 - PluginManage : Loaded plugins [12]
2020-04-19 23:54:38,642 [INFO] PinOutPanel:1420 - setPackage(No Configuration,No Configuration)
2020-04-19 23:54:38,742 [INFO] IPUIPlugin:65 - create IPUIPlugin
2020-04-19 23:54:38,742 [INFO] PluginManager:200 - loadIPPluginJar : add adc
2020-04-19 23:54:38,744 [INFO] IPUIPlugin:65 - create IPUIPlugin
2020-04-19 23:54:38,744 [INFO] PluginManager:200 - loadIPPluginJar : add aes
2020-04-19 23:54:38,746 [INFO] IPUIPlugin:65 - create IPUIPlugin
2020-04-19 23:54:38,747 [INFO] PluginManager:200 - loadIPPluginJar : add can
2020-04-19 23:54:38,748 [INFO] IPUIPlugin:65 - create IPUIPlugin
2020-04-19 23:54:38,749 [INFO] PluginManager:200 - loadIPPluginJar : add comp
2020-04-19 23:54:38,751 [INFO] IPUIPlugin:65 - create IPUIPlugin
2020-04-19 23:54:38,751 [INFO] PluginManager:200 - loadIPPluginJar : add cryp
2020-04-19 23:54:38,753 [INFO] IPUIPlugin:65 - create IPUIPlugin
2020-04-19 23:54:38,753 [INFO] PluginManager:200 - loadIPPluginJar : add dfsdm
2020-04-19 23:54:38,758 [INFO] IPUIPlugin:65 - create IPUIPlugin
2020-04-19 23:54:38,759 [INFO] PluginManager:200 - loadIPPluginJar : add dma
2020-04-19 23:54:38,760 [INFO] IPUIPlugin:65 - create IPUIPlugin
2020-04-19 23:54:38,760 [INFO] PluginManager:200 - loadIPPluginJar : add fatfs
2020-04-19 23:54:38,764 [INFO] IPUIPlugin:65 - create IPUIPlugin
2020-04-19 23:54:38,764 [INFO] PluginManager:200 - loadIPPluginJar : add fmc
2020-04-19 23:54:38,769 [INFO] IPUIPlugin:65 - create IPUIPlugin
2020-04-19 23:54:38,770 [INFO] PluginManager:200 - loadIPPluginJar : add freertos
2020-04-19 23:54:38,771 [INFO] IPUIPlugin:65 - create IPUIPlugin
2020-04-19 23:54:38,772 [INFO] PluginManager:200 - loadIPPluginJar : add genericplugin
2020-04-19 23:54:38,774 [INFO] IPUIPlugin:65 - create IPUIPlugin
2020-04-19 23:54:38,774 [INFO] PluginManager:200 - loadIPPluginJar : add gfxmmu
2020-04-19 23:54:38,778 [INFO] IPUIPlugin:65 - create IPUIPlugin
2020-04-19 23:54:38,779 [INFO] PluginManager:200 - loadIPPluginJar : add gic
2020-04-19 23:54:38,782 [INFO] IPUIPlugin:65 - create IPUIPlugin
2020-04-19 23:54:38,782 [INFO] PluginManager:200 - loadIPPluginJar : add gpio
2020-04-19 23:54:38,784 [INFO] IPUIPlugin:65 - create IPUIPlugin
2020-04-19 23:54:38,784 [INFO] PluginManager:200 - loadIPPluginJar : add gtzc
2020-04-19 23:54:38,785 [INFO] IPUIPlugin:65 - create IPUIPlugin
2020-04-19 23:54:38,786 [INFO] PluginManager:200 - loadIPPluginJar : add hash
2020-04-19 23:54:38,788 [INFO] IPUIPlugin:65 - create IPUIPlugin
2020-04-19 23:54:38,788 [INFO] PluginManager:200 - loadIPPluginJar : add i2c
2020-04-19 23:54:38,790 [INFO] IPUIPlugin:65 - create IPUIPlugin
2020-04-19 23:54:38,790 [INFO] PluginManager:200 - loadIPPluginJar : add i2s
2020-04-19 23:54:38,793 [INFO] IPUIPlugin:65 - create IPUIPlugin
2020-04-19 23:54:38,793 [INFO] PluginManager:200 - loadIPPluginJar : add ipddr
2020-04-19 23:54:38,794 [INFO] IPUIPlugin:65 - create IPUIPlugin
2020-04-19 23:54:38,795 [INFO] PluginManager:200 - loadIPPluginJar : add ltdc
2020-04-19 23:54:38,800 [INFO] IPUIPlugin:65 - create IPUIPlugin
2020-04-19 23:54:38,800 [INFO] PluginManager:200 - loadIPPluginJar : add mdma
2020-04-19 23:54:38,803 [INFO] IPUIPlugin:65 - create IPUIPlugin
2020-04-19 23:54:38,803 [INFO] PluginManager:200 - loadIPPluginJar : add nvic
2020-04-19 23:54:38,806 [INFO] IPUIPlugin:65 - create IPUIPlugin
2020-04-19 23:54:38,806 [INFO] PluginManager:200 - loadIPPluginJar : add opamp
2020-04-19 23:54:38,809 [INFO] IPUIPlugin:65 - create IPUIPlugin
2020-04-19 23:54:38,809 [INFO] PluginManager:200 - loadIPPluginJar : add pdm2pcm
2020-04-19 23:54:38,816 [INFO] IPUIPlugin:65 - create IPUIPlugin
2020-04-19 23:54:38,818 [INFO] PluginManager:200 - loadIPPluginJar : add plateformsettings
2020-04-19 23:54:38,820 [INFO] IPUIPlugin:65 - create IPUIPlugin
2020-04-19 23:54:38,820 [INFO] PluginManager:200 - loadIPPluginJar : add quadspi
2020-04-19 23:54:38,823 [INFO] IPUIPlugin:65 - create IPUIPlugin
2020-04-19 23:54:38,823 [INFO] PluginManager:200 - loadIPPluginJar : add resmgrutility
2020-04-19 23:54:38,825 [INFO] IPUIPlugin:65 - create IPUIPlugin
2020-04-19 23:54:38,825 [INFO] PluginManager:200 - loadIPPluginJar : add sai
2020-04-19 23:54:38,827 [INFO] IPUIPlugin:65 - create IPUIPlugin
2020-04-19 23:54:38,827 [INFO] PluginManager:200 - loadIPPluginJar : add spi
2020-04-19 23:54:38,830 [INFO] IPUIPlugin:65 - create IPUIPlugin
2020-04-19 23:54:38,830 [INFO] PluginManager:200 - loadIPPluginJar : add stm32_wpan
2020-04-19 23:54:38,832 [INFO] IPUIPlugin:65 - create IPUIPlugin
2020-04-19 23:54:38,832 [INFO] PluginManager:200 - loadIPPluginJar : add tim
2020-04-19 23:54:38,834 [INFO] IPUIPlugin:65 - create IPUIPlugin
2020-04-19 23:54:38,835 [INFO] PluginManager:200 - loadIPPluginJar : add touchsensing
2020-04-19 23:54:38,836 [INFO] IPUIPlugin:65 - create IPUIPlugin
2020-04-19 23:54:38,836 [INFO] PluginManager:200 - loadIPPluginJar : add tracer_emb
2020-04-19 23:54:38,838 [INFO] IPUIPlugin:65 - create IPUIPlugin
2020-04-19 23:54:38,838 [INFO] PluginManager:200 - loadIPPluginJar : add ts
2020-04-19 23:54:38,839 [INFO] IPUIPlugin:65 - create IPUIPlugin
2020-04-19 23:54:38,840 [INFO] PluginManager:200 - loadIPPluginJar : add tsc
2020-04-19 23:54:38,841 [INFO] IPUIPlugin:65 - create IPUIPlugin
2020-04-19 23:54:38,841 [INFO] PluginManager:200 - loadIPPluginJar : add ucpd
2020-04-19 23:54:38,843 [INFO] IPUIPlugin:65 - create IPUIPlugin
2020-04-19 23:54:38,844 [INFO] PluginManager:200 - loadIPPluginJar : add usart
2020-04-19 23:54:39,252 [INFO] BoardConnectionPanel:3472 - [DDR PANEL] STM32CubeIDE environment
2020-04-19 23:54:39,252 [INFO] MainDdrPanel:103 - [DDR PANEL] GETTER - cubeProgrammerPath is: null
2020-04-19 23:54:39,521 [FATAL] Updater:277 - Updater called before beeing initialized
2020-04-19 23:54:39,691 [FATAL] Updater:277 - Updater called before beeing initialized
2020-04-19 23:54:39,697 [INFO] PinOutPanel:1420 - setPackage(No Configuration,No Configuration)
2020-04-19 23:54:39,697 [FATAL] Updater:277 - Updater called before beeing initialized
2020-04-19 23:54:39,702 [INFO] BoardConnectionPanel:3472 - [DDR PANEL] STM32CubeIDE environment
2020-04-19 23:54:39,703 [INFO] MainDdrPanel:103 - [DDR PANEL] GETTER - cubeProgrammerPath is: C:\ST\STM32CubeIDE_1.3.0\STM32CubeIDE\plugins\com.st.stm32cube.ide.mcu.externaltools.cubeprogrammer.win32_1.3.0.202002181050\tools\bin
2020-04-19 23:54:39,707 [INFO] ProgrammerExecThread:148 - [ProgrammerAPI] CubeProgrammer command construction: C:\ST\STM32CubeIDE_1.3.0\STM32CubeIDE\plugins\com.st.stm32cube.ide.mcu.externaltools.cubeprogrammer.win32_1.3.0.202002181050\tools\bin\STM32_Programmer_CLI.exe -l
2020-04-19 23:54:39,807 [INFO] MainDdrPanel:93 - [DDR PANEL] SETTER - Set cubeProgrammerPath to: C:\ST\STM32CubeIDE_1.3.0\STM32CubeIDE\plugins\com.st.stm32cube.ide.mcu.externaltools.cubeprogrammer.win32_1.3.0.202002181050\tools\bin
2020-04-19 23:54:39,812 [INFO] Updater:886 - Updater Version found : 5.6.0
2020-04-19 23:54:39,832 [INFO] ApplicationProperties:181 - Using Application install path: C:\ST\STM32CubeIDE_1.3.0\STM32CubeIDE\plugins\com.st.stm32cube.common.mx_5.6.0.202002181639
2020-04-19 23:54:40,066 [INFO] MainUpdater:2230 - connection check result : 10
2020-04-19 23:54:40,067 [INFO] MainUpdater:236 - Updater Check For Update Now.
2020-04-19 23:54:40,067 [INFO] MicroXplorer:420 - Change Database Version : DB.5.0.60
2020-04-19 23:54:40,098 [INFO] CheckServerUpdateThread:92 - End of CheckServer Thread
2020-04-19 23:54:40,271 [INFO] MainUpdater:2230 - connection check result : 10
2020-04-19 23:54:40,271 [INFO] LogOutputStream:76 - [STDOUT_REDIRECT] Successfull proxy connection.
2020-04-19 23:54:40,394 [INFO] McuFinderGlobals:40 - Set McuFinder mode to 2 (CubeIDE integrated)
2020-04-19 23:54:40,403 [INFO] FinderPluginLoader:86 - Searching for filters in installed packs
2020-04-19 23:54:40,404 [INFO] DbMcusXml:110 - Load MCU database from C:\ST\STM32CubeIDE_1.3.0\STM32CubeIDE\plugins\com.st.stm32cube.common.mx_5.6.0.202002181639\\db\/mcu/families.xml
2020-04-19 23:54:41,217 [INFO] DbMcusJson:90 - JSON generation date=Wed Apr 15 07:54:18 CEST 2020 (1586930058)
2020-04-19 23:54:41,556 [INFO] ThirdPartyDb:261 - Close Third Party DataBase File (C:/Users/johnb/.stm32cubemx/plugins/thirdparty/db/thirdparties_db.xml)
2020-04-19 23:54:41,634 [INFO] IntegrityCheckThread:98 - End integrity checks thread
2020-04-19 23:54:41,888 [INFO] DbMcus:171 - Found 1670 MCUs (1625 are supported by CubeMX, 1625 are visible in CubeMX)
2020-04-19 23:54:41,888 [INFO] ApiDb:147 - User favorites file not found: C:\Users\johnb/.stm32cubeide/favorites.mcus.txt
2020-04-19 23:54:41,888 [INFO] DbMcus:183 - Set 0 / 0 favorites MCUs
2020-04-19 23:54:42,761 [INFO] DbMcusAds:143 - JSON generation date=Thu Mar 12 16:08:29 CET 2020 (1584025709)
2020-04-19 23:54:42,764 [INFO] LoadUrlFilesThread:161 - End of LoadServerUrlFiles without Thread
2020-04-19 23:54:42,807 [INFO] McuDetailPanel:181 - Set advertising image to C:/Users/johnb/STM32Cube/Repository/\STM32L4_MCUs_N4239S_big.jpg
2020-04-19 23:54:43,290 [INFO] McuFilterPanel:249 - Update 0 favorites MCUs
2020-04-19 23:54:43,500 [INFO] DbBoardsPdsc:92 - Found 22 items
2020-04-19 23:54:43,502 [INFO] DbBoardsPdsc:92 - Found 9 items
2020-04-19 23:54:43,505 [INFO] DbBoardsPdsc:92 - Found 28 items
2020-04-19 23:54:43,506 [INFO] DbBoardsPdsc:92 - Found 1 items
2020-04-19 23:54:43,511 [INFO] DbBoardsPdsc:92 - Found 40 items
2020-04-19 23:54:43,521 [INFO] DbBoardsPdsc:92 - Found 39 items
2020-04-19 23:54:43,523 [INFO] DbBoardsPdsc:92 - Found 2 items
2020-04-19 23:54:43,526 [INFO] DbBoardsPdsc:92 - Found 4 items
2020-04-19 23:54:43,533 [WARN] DbBoardsPdsc:256 - Board STM32H7B3I-DK: unknown feature type=Audio, name=, username=Audio stereo codec with Headphone Amp (CS42L51-CNZ), n=1
2020-04-19 23:54:43,534 [WARN] DbBoardsPdsc:256 - Board STM32H7B3I-DK: unknown feature type=WIFI, name=, username=WIFI 802.11 b/g/n, n=1
2020-04-19 23:54:43,537 [WARN] DbBoardsPdsc:256 - Board STM32H7B3I-EVAL: unknown feature type=Audio, name=, username=Multi-Channel Audio Codec (CS42L51-CNZ), n=1
2020-04-19 23:54:43,537 [WARN] DbBoardsPdsc:256 - Board STM32H7B3I-EVAL: unknown feature type=Meter, name=, username=Power-metering and Temperature-monitoring with sigma-delta modulators, n=1
2020-04-19 23:54:43,538 [WARN] DbBoardsPdsc:256 - Board STM32H7B3I-EVAL: unknown feature type=WIFI, name=, username=WIFI 802.11 a/b/g/n, n=1
2020-04-19 23:54:43,538 [WARN] DbBoardsPdsc:256 - Board STM32H7B3I-EVAL: unknown feature type=Motor, name=, username=Motor Control, n=1
2020-04-19 23:54:43,550 [INFO] DbBoardsJson:80 - JSON generation date=Tue Feb 11 14:53:55 CET 2020 (1581429235)
2020-04-19 23:54:43,557 [INFO] DbBoards:120 - Found 145 boards (142 are supported by CubeMX)
2020-04-19 23:54:43,563 [INFO] DbBoardsDocs:131 - JSON generation date=Wed Apr 15 07:54:18 CEST 2020 (1586930058)
2020-04-19 23:54:43,572 [INFO] DbBoardsDocs:70 - Found 157 boards documents
2020-04-19 23:54:43,573 [WARN] DbBoards:130 - board NUCLEO-H743ZI2 has no document id list !
2020-04-19 23:54:43,573 [WARN] DbBoards:130 - board NUCLEO-L4P5ZG has no document id list !
2020-04-19 23:54:43,573 [WARN] DbBoards:130 - board P-NUCLEO-WB55-Nucleo has no document id list !
2020-04-19 23:54:43,575 [WARN] DbBoards:130 - board P-NUCLEO-WB55-USBDongle has no document id list !
2020-04-19 23:54:43,576 [WARN] DbBoards:130 - board NUCLEO-WB35CE has no document id list !
2020-04-19 23:54:43,577 [WARN] DbBoards:130 - board STM32F401C-DISCO has no document id list !
2020-04-19 23:54:43,577 [WARN] DbBoards:130 - board STM32F769I-DISC1 has no document id list !
2020-04-19 23:54:43,577 [WARN] DbBoards:152 - board STM32F723E-DISCO / document id not found: 4598
2020-04-19 23:54:43,578 [WARN] DbBoards:130 - board STM32L-DISCOVERY has no document id list !
2020-04-19 23:54:43,578 [WARN] DbBoards:152 - board STM32L496G-DISCO / document id not found: 4598
2020-04-19 23:54:43,578 [WARN] DbBoards:152 - board STM32H747I-DISCO / document id not found: 4598
2020-04-19 23:54:43,578 [WARN] DbBoards:130 - board STM32H747I-DISC1 has no document id list !
2020-04-19 23:54:43,578 [WARN] DbBoards:152 - board STM32H745I-DISCO / document id not found: 4598
2020-04-19 23:54:43,580 [WARN] DbBoards:152 - board STM32H750B-DK / document id not found: 4598
2020-04-19 23:54:43,581 [WARN] DbBoards:152 - board STM32H7B3I-DK / document id not found: 4598
2020-04-19 23:54:43,581 [WARN] DbBoards:152 - board STM32L4R9I-DISCO / document id not found: 4598
2020-04-19 23:54:43,582 [WARN] DbBoards:130 - board STM32MP157A-DK1 has no document id list !
2020-04-19 23:54:43,583 [WARN] DbBoards:152 - board STM32L562E-DK / document id not found: 4598
2020-04-19 23:54:43,583 [WARN] DbBoards:130 - board STM32L4P5G-DK has no document id list !
2020-04-19 23:54:43,589 [WARN] DbBoards:130 - board STM32091C-EVAL has no document id list !
2020-04-19 23:54:43,589 [WARN] DbBoards:130 - board STM3210C-EVAL has no document id list !
2020-04-19 23:54:43,589 [WARN] DbBoards:130 - board STM32100E-EVAL has no document id list !
2020-04-19 23:54:43,589 [WARN] DbBoards:130 - board STM3221G-EVAL has no document id list !
2020-04-19 23:54:43,589 [WARN] DbBoards:130 - board STM32303C-EVAL has no document id list !
2020-04-19 23:54:43,589 [WARN] DbBoards:130 - board STM32L152D-EVAL has no document id list !
2020-04-19 23:54:43,589 [WARN] DbBoards:130 - board STM32746G-EVAL2 has no document id list !
2020-04-19 23:54:43,590 [WARN] DbBoards:130 - board STM32F779I-EVAL has no document id list !
2020-04-19 23:54:43,590 [WARN] DbBoards:130 - board STM32479I-EVAL has no document id list !
2020-04-19 23:54:43,590 [WARN] DbBoards:130 - board STM32H743I-EVAL2 has no document id list !
2020-04-19 23:54:43,590 [WARN] DbBoards:152 - board STM32H7B3I-EVAL / document id not found: 4596
2020-04-19 23:54:43,590 [WARN] DbBoards:130 - board STM32H753I-EVAL2 has no document id list !
2020-04-19 23:54:43,591 [WARN] DbBoards:130 - board STM32G474E-EVAL1 has no document id list !
2020-04-19 23:54:43,591 [WARN] DbBoards:130 - board STEVAL-BFA001V1B has no document id list !
2020-04-19 23:54:43,592 [WARN] DbBoards:130 - board STEVAL-BFA001V2B has no document id list !
2020-04-19 23:54:43,592 [WARN] DbBoards:130 - board STEVAL-MKSBOX1V1 has no document id list !
2020-04-19 23:54:43,592 [WARN] DbBoards:130 - board STEVAL-STWINKT1 has no document id list !
2020-04-19 23:54:43,592 [WARN] DbBoards:130 - board STEVAL-IDP005V1 has no document id list !
2020-04-19 23:54:43,592 [WARN] DbBoards:130 - board STEVAL-IDP005V2 has no document id list !
2020-04-19 23:54:45,374 [INFO] ApiDb:147 - User favorites file not found: C:\Users\johnb/.stm32cubeide/favorites.boards.txt
2020-04-19 23:54:45,374 [INFO] DbBoards:209 - Set 0 / 0 favorites Boards
2020-04-19 23:54:45,461 [INFO] LoadUrlFilesThread:161 - End of LoadServerUrlFiles without Thread
2020-04-19 23:54:45,461 [INFO] BoardDetailPanel:180 - Set advertising image to C:/Users/johnb/STM32Cube/Repository/\STM32L4_MCUs_N4239S_big.jpg
2020-04-19 23:54:45,481 [INFO] BoardFilterPanel:211 - Update 0 favorites Boards
2020-04-19 23:54:45,576 [INFO] CrossSelectorPresenter:1319 - Cross Selector saved comparison directory: C:\Users\johnb\.stmcufinder\plugins\mcufinder\mcu\cs_comparisons_mx
2020-04-19 23:55:27,561 [INFO] LogOutputStream:76 - [STDOUT_REDIRECT] withoutVersionV1.8.0
2020-04-19 23:55:30,706 [INFO] LogOutputStream:76 - [STDOUT_REDIRECT] File copied successfully!!
2020-04-19 23:55:31,867 [INFO] MainUpdater:2230 - connection check result : 10
2020-04-19 23:55:31,907 [INFO] MicroXplorer:390 - Change Database Path : 
2020-04-19 23:55:31,908 [INFO] MicroXplorer:420 - Change Database Version : DB.5.0.60
2020-04-19 23:55:31,910 [INFO] PinOutPanel:1420 - setPackage(No Configuration,No Configuration)
2020-04-19 23:55:31,911 [INFO] UtilMem:74 - Begin LoadConfig() Used Memory: 480044336 Bytes (782237696)
2020-04-19 23:55:31,911 [INFO] OpenFileManager:274 - Change cursor
2020-04-19 23:55:32,976 [INFO] Rule:211 - rule SPDIFRX instance for mcu is applicable
2020-04-19 23:55:32,976 [INFO] Rule:211 - rule Rename Tracer Mode is applicable
2020-04-19 23:55:32,976 [INFO] Rule:211 - rule SPDIFRX instance value for IP SPDIFRX is applicable
2020-04-19 23:55:32,976 [INFO] Rule:211 - rule SPDIFRX instance for signal is applicable
2020-04-19 23:55:32,976 [INFO] Rule:211 - rule SPDIFRX instance for project manager is applicable
2020-04-19 23:55:32,976 [INFO] Rule:211 - rule SPDIFRX instance for project manager is applicable
2020-04-19 23:55:32,976 [INFO] Rule:211 - rule ADC Scan  fix with FW F7 is applicable
2020-04-19 23:55:32,976 [INFO] Rule:211 - rule ADC Scan  fix with FW F7 is applicable
2020-04-19 23:55:32,977 [INFO] Rule:211 - rule UART/USART WORD LENGTH 7 is applicable
2020-04-19 23:55:32,977 [INFO] Rule:211 - rule UART/USART WORD LENGTH 8 is applicable
2020-04-19 23:55:32,977 [INFO] Rule:211 - rule UART/USART WORD LENGTH 9 is applicable
2020-04-19 23:55:32,977 [INFO] Rule:211 - rule ADC SamplingTime fix with FW L0  is applicable
2020-04-19 23:55:32,977 [INFO] Rule:211 - rule ADC SamplingTime fix with FW L0  is applicable
2020-04-19 23:55:32,977 [INFO] Rule:211 - rule ADC SamplingTime fix with FW L0 is applicable
2020-04-19 23:55:32,977 [INFO] Rule:211 - rule ADC SamplingTime fix with FW L0 is applicable
2020-04-19 23:55:32,977 [INFO] Rule:211 - rule ADC SamplingTime fix with FW L0  is applicable
2020-04-19 23:55:32,977 [INFO] Rule:211 - rule ADC SamplingTime fix with FW L0 is applicable
2020-04-19 23:55:32,978 [INFO] Rule:211 - rule Rename USB_OE Signal is applicable
2020-04-19 23:55:32,978 [INFO] Rule:211 - rule Rename Activate_OE Mode is applicable
2020-04-19 23:55:32,978 [INFO] Rule:211 - rule Rename DIE462/DIE415 pin PC14/OSC32_IN -> PC14-OSC32_IN (PC14) is applicable
2020-04-19 23:55:32,978 [INFO] Rule:211 - rule Rename DIE462/DIE415 pin PC15/OSC32_OUT -> PC15-OSC32_OUT (PC15) is applicable
2020-04-19 23:55:32,978 [INFO] Rule:211 - rule Rename DIE462/DIE415 pin PH0/OSC_IN -> PH0-OSC_IN (PH0) is applicable
2020-04-19 23:55:32,978 [INFO] Rule:211 - rule Rename DIE462/DIE415 pin PH1/OSC_OUT -> PH1-OSC_OUT (PH1) is applicable
2020-04-19 23:55:32,978 [INFO] Rule:211 - rule Rename DIE462 pin PA13 -> PA13 (JTMS/SWDIO) is applicable
2020-04-19 23:55:32,978 [INFO] Rule:211 - rule Rename DIE415 pin PA13 -> PA13 (JTMS/SWDIO) is applicable
2020-04-19 23:55:32,978 [INFO] Rule:211 - rule Rename DIE462 pin PA14 -> PA14 (JTCK/SWCLK) is applicable
2020-04-19 23:55:32,978 [INFO] Rule:211 - rule Rename DIE415 pin PA14 -> PA14 (JTCK/SWCLK) is applicable
2020-04-19 23:55:32,978 [INFO] Rule:211 - rule Rename DIE462/DIE415 pin PA15 -> PA15 (JTDI) is applicable
2020-04-19 23:55:32,978 [INFO] Rule:211 - rule Rename DIE462 pin PB3 -> PB3 (JTD0/TRACESWO) is applicable
2020-04-19 23:55:32,978 [INFO] Rule:211 - rule Rename DIE415 pin PB3 -> PB3 (JTD0-TRACESWO) is applicable
2020-04-19 23:55:32,979 [INFO] Rule:211 - rule Rename DIE462/DIE415 pin PB4 -> PB4 (NJTRST) is applicable
2020-04-19 23:55:32,979 [INFO] Rule:211 - rule Rename DIE462 pin PH3/BOOT0 -> PH3-BOOT0 (BOOT0) is applicable
2020-04-19 23:55:32,979 [INFO] Rule:211 - rule Rename CRYP DataEncryptionTypesList to Algorithm is applicable
2020-04-19 23:55:32,979 [INFO] Rule:211 - rule Rename AES DataEncryptionTypesList to Algorithm is applicable
2020-04-19 23:55:32,979 [INFO] Rule:211 - rule Rename TDESECB to CRYP_TDES_ECB is applicable
2020-04-19 23:55:32,980 [INFO] Rule:211 - rule Rename TDESCBC to CRYP_TDES_CBC is applicable
2020-04-19 23:55:32,980 [INFO] Rule:211 - rule Rename DESECB to CRYP_DES_ECB is applicable
2020-04-19 23:55:32,980 [INFO] Rule:211 - rule Rename DESCBC to CRYP_DES_CBC is applicable
2020-04-19 23:55:32,980 [INFO] Rule:211 - rule Rename AESECB to CRYP_AES_ECB is applicable
2020-04-19 23:55:32,980 [INFO] Rule:211 - rule Rename AESCBC to CRYP_AES_CBC is applicable
2020-04-19 23:55:32,981 [INFO] Rule:211 - rule Rename AESCTR to CRYP_AES_CTR is applicable
2020-04-19 23:55:32,981 [INFO] Rule:211 - rule Rename AESGCM to CRYP_AES_GCM is applicable
2020-04-19 23:55:32,981 [INFO] Rule:211 - rule Rename AESCCM to CRYP_AES_CCM is applicable
2020-04-19 23:55:32,981 [INFO] Rule:211 - rule Rename CAN TimeSeg1 to BS1 is applicable
2020-04-19 23:55:32,981 [INFO] Rule:211 - rule Rename CAN TimeSeg2 to BS2 is applicable
2020-04-19 23:55:32,981 [INFO] Rule:211 - rule Rename CAN SyncJumpWidth to SJW is applicable
2020-04-19 23:55:32,981 [INFO] Rule:211 - rule TimeTriggeredMode to TTCM is applicable
2020-04-19 23:55:32,981 [INFO] Rule:211 - rule Rename CAN AutoBusOff to ABOM is applicable
2020-04-19 23:55:32,981 [INFO] Rule:211 - rule Rename CAN AutoWakeUp to AWUM is applicable
2020-04-19 23:55:32,982 [INFO] Rule:211 - rule Rename CAN AutoRetransmission to NART is applicable
2020-04-19 23:55:32,982 [INFO] Rule:211 - rule Rename CAN ReceiveFifoLocked to RFLM is applicable
2020-04-19 23:55:32,982 [INFO] Rule:211 - rule Rename CAN TransmitFifoPriority to TXFP is applicable
2020-04-19 23:55:32,982 [INFO] Rule:211 - rule Rename HRTIMER HRTIM_OUTPUTFAULTLEVEL_HIGH in HRTIMER HRTIM_OUTPUTFAULTLEVEL_HIGHZ is applicable
2020-04-19 23:55:32,982 [INFO] Rule:211 - rule Rename TIMER TIM_CLEARINPUTSOURCE_OCREFCLR in  TIMER TIM_CLEARINPUTSOURCE_NONE for F7 family is applicable
2020-04-19 23:55:32,982 [INFO] Rule:211 - rule FDCAN_R1 - Rename FDCAN mode Master into Classic is applicable
2020-04-19 23:55:32,982 [INFO] Rule:211 - rule FDCAN_R2 - Rename FDCAN mode Slave into Classic is applicable
2020-04-19 23:55:32,982 [INFO] Rule:211 - rule FDCAN1_R3 - if PA10.Mode=FullDuplex, add Pin PA12 is applicable
2020-04-19 23:55:32,982 [INFO] Rule:211 - rule FDCAN1_R3 - if PA9.Mode=FullDuplex, add Pin PA11 is applicable
2020-04-19 23:55:32,982 [INFO] Rule:211 - rule FDCAN1_R3 - Alternatepin_1 - if PE1.Mode=FullDuplex, add Pin PB9 is applicable
2020-04-19 23:55:32,982 [INFO] Rule:211 - rule FDCAN1_R3 - Alternatepin_1 - if PE0.Mode=FullDuplex, add Pin PB8 is applicable
2020-04-19 23:55:32,982 [INFO] Rule:211 - rule FDCAN1_R3 - Alternatepin_2 - if PD5.Mode=FullDuplex, add Pin PD1 is applicable
2020-04-19 23:55:32,983 [INFO] Rule:211 - rule FDCAN1_R3 - Alternatepin_2 - if PD4.Mode=FullDuplex, add Pin PD0 is applicable
2020-04-19 23:55:32,983 [INFO] Rule:211 - rule FDCAN1_R4 - Rename Mode FullDuplex into Enable FDCAN_TXFD for pin PA10 is applicable
2020-04-19 23:55:32,983 [INFO] Rule:211 - rule FDCAN1_R4 - Rename Mode FullDuplex into Enable FDCAN_TXFD for pin PA9 is applicable
2020-04-19 23:55:32,983 [INFO] Rule:211 - rule FDCAN1_R4 - Alternatepin_1 - Rename Mode FullDuplex into Enable FDCAN_TXFD for pin PE1 is applicable
2020-04-19 23:55:32,983 [INFO] Rule:211 - rule FDCAN1_R4 - Alternatepin_1 - Rename Mode FullDuplex into Enable FDCAN_TXFD for pin PE0 is applicable
2020-04-19 23:55:32,983 [INFO] Rule:211 - rule FDCAN1_R4 - Alternatepin_2 - Rename Mode FullDuplex into Enable FDCAN_TXFD for pin PD5 is applicable
2020-04-19 23:55:32,983 [INFO] Rule:211 - rule FDCAN1_R4 - Alternatepin_2 - Rename Mode FullDuplex into Enable FDCAN_TXFD for pin PD4 is applicable
2020-04-19 23:55:32,983 [INFO] Rule:211 - rule FDCAN2_R3 - if PD10.Mode=FullDuplex, add Pin PB13 is applicable
2020-04-19 23:55:32,983 [INFO] Rule:211 - rule FDCAN2_R3 - if PD9.Mode=FullDuplex, add Pin PB12 is applicable
2020-04-19 23:55:32,983 [INFO] Rule:211 - rule FDCAN2_R3 - Alternatepin_1 - if PB7.Mode=FullDuplex, add Pin PB6 is applicable
2020-04-19 23:55:32,983 [INFO] Rule:211 - rule FDCAN2_R3 - Alternatepin_1 - if PD9.Mode=FullDuplex, add Pin PB12 is applicable
2020-04-19 23:55:32,983 [INFO] Rule:211 - rule FDCAN2_R4 - Rename Mode FullDuplex into Enable FDCAN_TXFD for pin PD10 is applicable
2020-04-19 23:55:32,983 [INFO] Rule:211 - rule FDCAN2_R4 - Rename Mode FullDuplex into Enable FDCAN_TXFD for pin PD9 is applicable
2020-04-19 23:55:32,984 [INFO] Rule:211 - rule FDCAN2_R4 - Alternatepin_1 - Rename Mode FullDuplex into Enable FDCAN_TXFD for pin PB7 is applicable
2020-04-19 23:55:32,984 [INFO] Rule:211 - rule FDCAN2_R4 - Alternatepin_1 - Rename Mode FullDuplex into Enable FDCAN_TXFD for pin PD6 is applicable
2020-04-19 23:55:32,984 [INFO] Rule:211 - rule USART TxPinLevelInvertParam Mode is applicable
2020-04-19 23:55:32,984 [INFO] Rule:211 - rule USART RxPinLevelInvertParam Mode is applicable
2020-04-19 23:55:32,984 [INFO] Rule:211 - rule USART DataInvertParam Mode is applicable
2020-04-19 23:55:32,984 [INFO] Rule:211 - rule USART SwapParam Mode is applicable
2020-04-19 23:55:32,984 [INFO] Rule:211 - rule USART OverrunDisableParam Mode is applicable
2020-04-19 23:55:32,984 [INFO] Rule:211 - rule USART DMADisableonRxErrorParam Mode is applicable
2020-04-19 23:55:32,984 [INFO] Rule:211 - rule USART MSBFirstParam Mode is applicable
2020-04-19 23:55:32,984 [INFO] Rule:211 - rule Update MwName for USB_DEVICE is applicable
2020-04-19 23:55:32,984 [INFO] Rule:211 - rule Change PWR_Regulator_Voltage_Scale Default Value for RCC  H7 family is applicable
2020-04-19 23:55:32,984 [INFO] Rule:211 - rule UART/USART IPParameter rename Prescaler parameter to ClockPrescaler is applicable
2020-04-19 23:55:32,984 [INFO] Rule:211 - rule UART/USART Prescaler rename Prescaler parameter to ClockPrescaler is applicable
2020-04-19 23:55:32,984 [INFO] Rule:211 - rule TIM1CLockSelection is applicable
2020-04-19 23:55:32,984 [INFO] Rule:211 - rule TIM15CLockSelection is applicable
2020-04-19 23:55:32,985 [INFO] Rule:211 - rule align RCC SDMMC3CLockSelection default value on MP1 is applicable
2020-04-19 23:55:32,985 [INFO] Rule:211 - rule align RCC SDMMC12CLockSelection default value on MP1 is applicable
2020-04-19 23:55:32,985 [INFO] Rule:211 - rule align RCC QSPICLockSelection default value on MP1 is applicable
2020-04-19 23:55:32,985 [INFO] Rule:211 - rule align RCC QSPICLockSelection default value on MP1 is applicable
2020-04-19 23:55:32,985 [INFO] Rule:211 - rule align RCC SPI6CLockSelection default value on MP1 is applicable
2020-04-19 23:55:32,985 [INFO] Rule:211 - rule align RCC LPTIM23CLockSelection default value on MP1 is applicable
2020-04-19 23:55:32,985 [INFO] Rule:211 - rule align RCC LPTIM1CLockSelection default value on MP1 is applicable
2020-04-19 23:55:32,985 [INFO] Rule:211 - rule align RCC USART1CLockSelection default value on MP1 is applicable
2020-04-19 23:55:32,985 [INFO] Rule:211 - rule align RCC USART24CLockSelection default value on MP1 is applicable
2020-04-19 23:55:32,985 [INFO] Rule:211 - rule align RCC USART6CLockSelection default value on MP1 is applicable
2020-04-19 23:55:32,985 [INFO] Rule:211 - rule align RCC UART78CLockSelection default value on MP1 is applicable
2020-04-19 23:55:32,985 [INFO] Rule:211 - rule align RCC USART35CLockSelection default value on MP1 is applicable
2020-04-19 23:55:32,985 [INFO] Rule:211 - rule align RCC SPI45CLockSelection default value on MP1 is applicable
2020-04-19 23:55:32,985 [INFO] Rule:211 - rule align RCC I2C46CLockSelection BCLK value on MP1 is applicable
2020-04-19 23:55:32,985 [INFO] Rule:211 - rule align RCC SPI45CLockSelection default value on MP1 is applicable
2020-04-19 23:55:32,986 [INFO] Rule:211 - rule align RCC I2C12CLockSelection default value on MP1 is applicable
2020-04-19 23:55:32,986 [INFO] Rule:211 - rule align RCC I2C35CLockSelection default value on MP1 is applicable
2020-04-19 23:55:32,986 [INFO] Rule:211 - rule align RCC LPTIM45CLockSelection default value on MP1 is applicable
2020-04-19 23:55:32,986 [INFO] Rule:211 - rule Rename DCMI PIXCK signal is applicable
2020-04-19 23:55:32,986 [INFO] Rule:211 - rule Change Default Value for I2C46CLockSelection MP1 family is applicable
2020-04-19 23:55:32,986 [INFO] Rule:211 - rule Change Default Value for UART for G4, G0 and WB families is applicable
2020-04-19 23:55:32,986 [INFO] Rule:211 - rule Change Default Value for USART for G4, G0 and WB families is applicable
2020-04-19 23:55:32,986 [INFO] Rule:211 - rule Change Default Value for USART for G4 family is applicable
2020-04-19 23:55:32,986 [INFO] Rule:211 - rule Change USART1CLockSelection refparam name for MP1 is applicable
2020-04-19 23:55:32,986 [INFO] Rule:211 - rule Change USART2CLockSelection refparam name for MP1 is applicable
2020-04-19 23:55:32,986 [INFO] Rule:211 - rule Change USART3CLockSelection refparam name for MP1 is applicable
2020-04-19 23:55:32,986 [INFO] Rule:211 - rule Change UART4CLockSelection refparam name for MP1 is applicable
2020-04-19 23:55:32,987 [INFO] Rule:211 - rule Change UART5CLockSelection refparam name for MP1 is applicable
2020-04-19 23:55:32,987 [INFO] Rule:211 - rule Change LPUART1CLockSelection refparam name for MP1 is applicable
2020-04-19 23:55:32,987 [INFO] Rule:211 - rule Change LPTIM1CLockSelection refparam name for MP1 is applicable
2020-04-19 23:55:32,987 [INFO] Rule:211 - rule Change LPTIM2CLockSelection refparam name for MP1 is applicable
2020-04-19 23:55:32,987 [INFO] Rule:211 - rule Change RCC_MCO1Source refparam name for MP1 is applicable
2020-04-19 23:55:32,987 [INFO] Rule:211 - rule Change LSCOSource1 refparam name for MP1 is applicable
2020-04-19 23:55:32,987 [INFO] Rule:211 - rule Change SMPSCLockSelection refparam name for MP1 is applicable
2020-04-19 23:55:32,987 [INFO] Rule:211 - rule Change LPTIM3CLockSelection refparam name for MP1 is applicable
2020-04-19 23:55:32,987 [INFO] Rule:211 - rule Change MPCBB* Default Template Mode to Parameters is applicable
2020-04-19 23:55:32,987 [INFO] Rule:211 - rule Change MPCWM* or MPCBB* Secure Mode to Parameters is applicable
2020-04-19 23:55:32,987 [INFO] Rule:211 - rule Change MPCWM* or MPCBB* No Secure Mode to Parameters is applicable
2020-04-19 23:55:32,987 [INFO] Rule:211 - rule Change TZSC IP Secure Mode to Parameters is applicable
2020-04-19 23:55:32,987 [INFO] Rule:211 - rule Change TZSC IP No Secure Mode to Parameters is applicable
2020-04-19 23:55:32,987 [INFO] Rule:211 - rule Change TZSC IP Privilege Mode to Parameters is applicable
2020-04-19 23:55:32,988 [INFO] Rule:211 - rule Change TZSC IP No Privilege Mode to Parameters is applicable
2020-04-19 23:55:32,988 [INFO] Rule:211 - rule Change TZIC IT Secure Mode to Parameters is applicable
2020-04-19 23:55:32,988 [INFO] Rule:211 - rule Change TZIC IT No Secure Mode to Parameters is applicable
2020-04-19 23:55:32,988 [INFO] Rule:211 - rule Add MPCBB1_NonSecureArea_Start_Address value with referenced to MPCBB1_NonSecureArea_Start value is applicable
2020-04-19 23:55:32,988 [INFO] Rule:211 - rule Add MPCBB2_NonSecureArea_Start_Address value with referenced to MPCBB2_NonSecureArea_Start value is applicable
2020-04-19 23:55:32,988 [INFO] Rule:211 - rule Add MPCWM1_NonSecureArea*_Start_Address value with referenced to MPCWM1_NonSecureArea*_Start value is applicable
2020-04-19 23:55:32,988 [INFO] Rule:211 - rule Add MPCWM2_NonSecureArea*_Start_Address value with referenced to MPCWM2_NonSecureArea*_Start value is applicable
2020-04-19 23:55:32,988 [INFO] Rule:211 - rule Add MPCWM3_NonSecureArea_Start_Address value with referenced to MPCWM3_NonSecureArea_Start value is applicable
2020-04-19 23:55:32,988 [INFO] Rule:211 - rule Change Default Value for PLL1UserDefinedConfig is applicable
2020-04-19 23:55:32,988 [INFO] Rule:211 - rule Change GPIO_PuPd Default Value for USART in async mode is applicable
2020-04-19 23:55:32,988 [INFO] Rule:211 - rule Change SMPSDivider Default Value is applicable
2020-04-19 23:55:32,993 [INFO] DbConfProperties:294 - Apply Compatibility (21/141 Rules)
2020-04-19 23:55:33,003 [INFO] ImportTextPane:162 - (OptionalMessage_ERROR) Unable to find key (Mcu.ThirdPartyNb) in loaded IOC file
2020-04-19 23:55:33,030 [INFO] ImportTextPane:162 - (OptionalMessage_ERROR) IP (RCC) : Parameter (ADCFreqValue) has invalid value (32000000)
2020-04-19 23:55:33,030 [INFO] ImportTextPane:162 - (OptionalMessage_ERROR) IP (RCC) : Invalid parameter (FamilyName)
2020-04-19 23:55:33,030 [INFO] ImportTextPane:162 - (OptionalMessage_ERROR) IP (RCC) : Parameter (MCOFreq_Value) has invalid value (64000000)
2020-04-19 23:55:33,031 [INFO] ImportTextPane:162 - (OptionalMessage_ERROR) IP (RCC) : Parameter (USBFreq_Value) has invalid value (64000000)
2020-04-19 23:55:33,164 [INFO] UtilMem:74 - End LoadConfig() Used Memory: 429555592 Bytes (782237696)
2020-04-19 23:55:33,174 [INFO] ThirdPartyDb:295 - Open Third Party DataBase File (C:/Users/johnb/.stm32cubemx/plugins/thirdparty/db/thirdparties_db.xml) : 4 ms. number of Sw pack : 16
2020-04-19 23:55:33,189 [INFO] DependencyParser:785 - This component is not compatible with the current MCU : [1581973463006]
2020-04-19 23:55:33,189 [INFO] ThirdPartyModel:521 - Component with status : MCU_INCOMPATIBLE for condition : OS Tick GTIM id : 1581973462333
2020-04-19 23:55:33,190 [INFO] DependencyParser:785 - This component is not compatible with the current MCU : [1581973465582, 1581973463089]
2020-04-19 23:55:33,261 [INFO] ThirdParty:899 - CMSIS Pack Vendor :STMicroelectronics X-CUBE-BLE1 5.0.0
2020-04-19 23:55:33,261 [INFO] ThirdParty:899 - CMSIS Pack Vendor :STMicroelectronics X-CUBE-SUBG2 1.1.0
2020-04-19 23:55:33,261 [INFO] ThirdParty:899 - CMSIS Pack Vendor :STMicroelectronics X-CUBE-GNSS1 4.1.0
2020-04-19 23:55:33,261 [INFO] ThirdParty:899 - CMSIS Pack Vendor :STMicroelectronics X-CUBE-SUBG2 1.0.0
2020-04-19 23:55:33,261 [INFO] ThirdParty:899 - CMSIS Pack Vendor :ARM CMSIS 5.6.0
2020-04-19 23:55:33,261 [INFO] ThirdParty:899 - CMSIS Pack Vendor :STMicroelectronics X-CUBE-GNSS1 4.0.0
2020-04-19 23:55:33,261 [INFO] ThirdParty:899 - CMSIS Pack Vendor :STMicroelectronics X-CUBE-NFC4 1.5.1
2020-04-19 23:55:33,261 [INFO] ThirdParty:899 - CMSIS Pack Vendor :STMicroelectronics FreeRTOS 0.0.1
2020-04-19 23:55:33,261 [INFO] ThirdParty:899 - CMSIS Pack Vendor :STMicroelectronics X-CUBE-ALGOBUILD 1.0.0
2020-04-19 23:55:33,261 [INFO] ThirdParty:899 - CMSIS Pack Vendor :STMicroelectronics X-CUBE-BLE1 4.4.0
2020-04-19 23:55:33,261 [INFO] ThirdParty:899 - CMSIS Pack Vendor :STMicroelectronics X-CUBE-MEMS1 7.0.0
2020-04-19 23:55:33,261 [INFO] ThirdParty:899 - CMSIS Pack Vendor :STMicroelectronics X-CUBE-NFC4 1.5.2
2020-04-19 23:55:33,262 [INFO] ThirdParty:899 - CMSIS Pack Vendor :STMicroelectronics X-CUBE-MEMS1 7.1.0
2020-04-19 23:55:33,262 [INFO] ThirdParty:899 - CMSIS Pack Vendor :STMicroelectronics X-CUBE-BLE2 1.0.0
2020-04-19 23:55:33,401 [INFO] PinOutPanel:1420 - setPackage(No Configuration,No Configuration)
2020-04-19 23:55:33,402 [INFO] PinOutPanel:1420 - setPackage(STM32F103RBTx,LQFP64)
2020-04-19 23:55:33,745 [INFO] UtilMem:74 - Before build in PCC Used Memory: 585044712 Bytes (782237696)
2020-04-19 23:55:34,089 [INFO] SharedServices:71 - Folder for power plug-in: C:/Users/johnb/.stm32cubemx/plugins/power
2020-04-19 23:55:34,125 [INFO] SharedServices:71 - Folder for power plug-in: C:/Users/johnb/.stm32cubemx/plugins/power
2020-04-19 23:55:34,163 [INFO] SharedServices:71 - Folder for power plug-in: C:/Users/johnb/.stm32cubemx/plugins/power
2020-04-19 23:55:34,166 [INFO] SharedServices:71 - Folder for power plug-in: C:/Users/johnb/.stm32cubemx/plugins/power
2020-04-19 23:55:34,328 [INFO] UtilMem:74 - After build in PCC Used Memory: 641667816 Bytes (782237696)
2020-04-19 23:55:34,347 [INFO] IPUIPlugin:65 - create IPUIPlugin
2020-04-19 23:55:34,347 [INFO] IPUIPlugin:65 - create IPUIPlugin
2020-04-19 23:55:34,347 [INFO] IPUIPlugin:65 - create IPUIPlugin
2020-04-19 23:55:34,348 [INFO] IPUIPlugin:65 - create IPUIPlugin
2020-04-19 23:55:34,348 [INFO] IPUIPlugin:65 - create IPUIPlugin
2020-04-19 23:55:34,348 [INFO] IPUIPlugin:65 - create IPUIPlugin
2020-04-19 23:55:34,348 [INFO] IPUIPlugin:65 - create IPUIPlugin
2020-04-19 23:55:34,348 [INFO] IPUIPlugin:65 - create IPUIPlugin
2020-04-19 23:55:34,348 [INFO] IPUIPlugin:65 - create IPUIPlugin
2020-04-19 23:55:34,348 [INFO] IPUIPlugin:65 - create IPUIPlugin
2020-04-19 23:55:34,348 [INFO] IPUIPlugin:65 - create IPUIPlugin
2020-04-19 23:55:34,349 [INFO] IPUIPlugin:65 - create IPUIPlugin
2020-04-19 23:55:34,349 [INFO] IPUIPlugin:65 - create IPUIPlugin
2020-04-19 23:55:34,349 [INFO] IPUIPlugin:65 - create IPUIPlugin
2020-04-19 23:55:34,349 [INFO] IPUIPlugin:65 - create IPUIPlugin
2020-04-19 23:55:34,349 [INFO] IPUIPlugin:65 - create IPUIPlugin
2020-04-19 23:55:34,349 [INFO] IPUIPlugin:65 - create IPUIPlugin
2020-04-19 23:55:34,349 [INFO] IPUIPlugin:65 - create IPUIPlugin
2020-04-19 23:55:34,350 [INFO] IPUIPlugin:65 - create IPUIPlugin
2020-04-19 23:55:34,350 [INFO] IPUIPlugin:65 - create IPUIPlugin
2020-04-19 23:55:34,350 [INFO] IPUIPlugin:65 - create IPUIPlugin
2020-04-19 23:55:34,351 [INFO] IPUIPlugin:65 - create IPUIPlugin
2020-04-19 23:55:34,351 [INFO] IPUIPlugin:65 - create IPUIPlugin
2020-04-19 23:55:34,351 [INFO] IPUIPlugin:65 - create IPUIPlugin
2020-04-19 23:55:34,351 [INFO] IPUIPlugin:65 - create IPUIPlugin
2020-04-19 23:55:34,351 [INFO] IPUIPlugin:65 - create IPUIPlugin
2020-04-19 23:55:34,352 [INFO] IPUIPlugin:65 - create IPUIPlugin
2020-04-19 23:55:34,380 [INFO] LogOutputStream:76 - [STDOUT_REDIRECT] toolchainItems.length=====1
2020-04-19 23:55:34,487 [INFO] OpenFileManager:294 - Restore cursor
2020-04-19 23:55:34,664 [INFO] UtilMem:74 - End SaveConfig() Used Memory: 368058608 Bytes (782237696)
2020-04-19 23:55:34,766 [INFO] UtilMem:74 - End SaveConfig() Used Memory: 373301488 Bytes (782237696)
2020-04-19 23:55:35,097 [INFO] BlockDiagram:2671 - set Specific Code input for plugin: NVIC
2020-04-19 23:55:35,098 [INFO] BlockDiagram:2671 - set Specific Code input for plugin: USART
2020-04-19 23:55:35,098 [INFO] BlockDiagram:2671 - set Specific Code input for plugin: SYS
2020-04-19 23:55:35,098 [INFO] BlockDiagram:2671 - set Specific Code input for plugin: GPIO
2020-04-19 23:55:35,098 [INFO] BlockDiagram:2671 - set Specific Code input for plugin: RCC
2020-04-19 23:55:35,099 [INFO] CodeGenerator:603 - code generatio: config db path: C:\ST\STM32CubeIDE_1.3.0\STM32CubeIDE\plugins\com.st.stm32cube.common.mx_5.6.0.202002181639\\db\
2020-04-19 23:55:35,426 [INFO] CodeEngine:188 - oldGeneratedFile, E:\Uczelnia\Semestr 4\PTM\L\Project\STM32_SpaceInvaders\NUCLEO-F103RB-UART-JOYSTICK\NUCLEO-F103RB-UART-JOYSTICK\MXTmpFiles\license.tmp_save
2020-04-19 23:55:35,696 [INFO] CodeEngine:206 - Generated code: E:\Uczelnia\Semestr 4\PTM\L\Project\STM32_SpaceInvaders\NUCLEO-F103RB-UART-JOYSTICK\NUCLEO-F103RB-UART-JOYSTICK\MXTmpFiles\license.tmp
2020-04-19 23:55:35,789 [INFO] CodeEngine:188 - oldGeneratedFile, E:\Uczelnia\Semestr 4\PTM\L\Project\STM32_SpaceInvaders\NUCLEO-F103RB-UART-JOYSTICK\NUCLEO-F103RB-UART-JOYSTICK\MXTmpFiles\gpio.tmp_save
2020-04-19 23:55:35,883 [INFO] CodeEngine:206 - Generated code: E:\Uczelnia\Semestr 4\PTM\L\Project\STM32_SpaceInvaders\NUCLEO-F103RB-UART-JOYSTICK\NUCLEO-F103RB-UART-JOYSTICK\MXTmpFiles\gpio.tmp
2020-04-19 23:55:35,925 [INFO] LogOutputStream:76 - [STDOUT_REDIRECT] Command line
2020-04-19 23:55:35,926 [INFO] LogOutputStream:76 - [STDOUT_REDIRECT] Debug : prepare data for USART
2020-04-19 23:55:35,927 [INFO] LogOutputStream:76 - [STDOUT_REDIRECT] Command line test
2020-04-19 23:55:35,929 [INFO] LogOutputStream:76 - [STDOUT_REDIRECT] Debug : prepare data for NVIC
2020-04-19 23:55:35,929 [INFO] LogOutputStream:76 - [STDOUT_REDIRECT] Command line test
2020-04-19 23:55:35,955 [INFO] CodeEngine:188 - oldGeneratedFile, E:\Uczelnia\Semestr 4\PTM\L\Project\STM32_SpaceInvaders\NUCLEO-F103RB-UART-JOYSTICK\NUCLEO-F103RB-UART-JOYSTICK\Core\Src\stm32f1xx_it.c_save
2020-04-19 23:55:36,189 [INFO] CodeEngine:206 - Generated code: E:\Uczelnia\Semestr 4\PTM\L\Project\STM32_SpaceInvaders\NUCLEO-F103RB-UART-JOYSTICK\NUCLEO-F103RB-UART-JOYSTICK\Core\Src\stm32f1xx_it.c
2020-04-19 23:55:36,213 [INFO] CodeEngine:188 - oldGeneratedFile, E:\Uczelnia\Semestr 4\PTM\L\Project\STM32_SpaceInvaders\NUCLEO-F103RB-UART-JOYSTICK\NUCLEO-F103RB-UART-JOYSTICK\Core\Inc\stm32f1xx_it.h_save
2020-04-19 23:55:36,355 [INFO] CodeEngine:206 - Generated code: E:\Uczelnia\Semestr 4\PTM\L\Project\STM32_SpaceInvaders\NUCLEO-F103RB-UART-JOYSTICK\NUCLEO-F103RB-UART-JOYSTICK\Core\Inc\stm32f1xx_it.h
2020-04-19 23:55:36,383 [INFO] CodeEngine:188 - oldGeneratedFile, E:\Uczelnia\Semestr 4\PTM\L\Project\STM32_SpaceInvaders\NUCLEO-F103RB-UART-JOYSTICK\NUCLEO-F103RB-UART-JOYSTICK\Core\Src\stm32f1xx_hal_msp.c_save
2020-04-19 23:55:36,505 [INFO] CodeEngine:206 - Generated code: E:\Uczelnia\Semestr 4\PTM\L\Project\STM32_SpaceInvaders\NUCLEO-F103RB-UART-JOYSTICK\NUCLEO-F103RB-UART-JOYSTICK\Core\Src\stm32f1xx_hal_msp.c
2020-04-19 23:55:36,531 [INFO] CodeEngine:188 - oldGeneratedFile, E:\Uczelnia\Semestr 4\PTM\L\Project\STM32_SpaceInvaders\NUCLEO-F103RB-UART-JOYSTICK\NUCLEO-F103RB-UART-JOYSTICK\MXTmpFiles\system.tmp_save
2020-04-19 23:55:36,591 [INFO] CodeEngine:206 - Generated code: E:\Uczelnia\Semestr 4\PTM\L\Project\STM32_SpaceInvaders\NUCLEO-F103RB-UART-JOYSTICK\NUCLEO-F103RB-UART-JOYSTICK\MXTmpFiles\system.tmp
2020-04-19 23:55:36,617 [INFO] CodeEngine:188 - oldGeneratedFile, E:\Uczelnia\Semestr 4\PTM\L\Project\STM32_SpaceInvaders\NUCLEO-F103RB-UART-JOYSTICK\NUCLEO-F103RB-UART-JOYSTICK\Core\Inc\stm32f1xx_hal_conf.h_save
2020-04-19 23:55:36,696 [INFO] CodeEngine:206 - Generated code: E:\Uczelnia\Semestr 4\PTM\L\Project\STM32_SpaceInvaders\NUCLEO-F103RB-UART-JOYSTICK\NUCLEO-F103RB-UART-JOYSTICK\Core\Inc\stm32f1xx_hal_conf.h
2020-04-19 23:55:36,706 [WARN] IPConfigManager:2701 - IP not found : gpio
2020-04-19 23:55:36,707 [WARN] CodeGenerator:2649 - IP not found : gpio
2020-04-19 23:55:36,731 [INFO] CodeEngine:188 - oldGeneratedFile, E:\Uczelnia\Semestr 4\PTM\L\Project\STM32_SpaceInvaders\NUCLEO-F103RB-UART-JOYSTICK\NUCLEO-F103RB-UART-JOYSTICK\Core\Inc\main.h_save
2020-04-19 23:55:36,805 [INFO] CodeEngine:206 - Generated code: E:\Uczelnia\Semestr 4\PTM\L\Project\STM32_SpaceInvaders\NUCLEO-F103RB-UART-JOYSTICK\NUCLEO-F103RB-UART-JOYSTICK\Core\Inc\main.h
2020-04-19 23:55:36,830 [INFO] CodeEngine:188 - oldGeneratedFile, E:\Uczelnia\Semestr 4\PTM\L\Project\STM32_SpaceInvaders\NUCLEO-F103RB-UART-JOYSTICK\NUCLEO-F103RB-UART-JOYSTICK\Core\Src\main.c_save
2020-04-19 23:55:36,926 [INFO] CodeEngine:206 - Generated code: E:\Uczelnia\Semestr 4\PTM\L\Project\STM32_SpaceInvaders\NUCLEO-F103RB-UART-JOYSTICK\NUCLEO-F103RB-UART-JOYSTICK\Core\Src\main.c
2020-04-19 23:55:37,770 [INFO] ProjectBuilder:2002 - Time for Copy HAL[1] : 119mS.
2020-04-19 23:55:37,775 [INFO] ProjectBuilder:2727 - Project Generator version: 3.7.1
2020-04-19 23:55:37,987 [INFO] ConfigFileManager:1066 - The Die is : DIE410
2020-04-19 23:55:41,987 [INFO] ProjectBuilder:2894 - Time for Generating toolchain IDE Files: 4212mS.
2020-04-19 23:55:41,988 [INFO] ProjectBuilder:1878 - Time for Copy CMSIS : 1mS.
2020-04-19 23:55:41,989 [INFO] ProjectBuilder:1878 - Time for Copy CMSIS : 0mS.
